d:\source\hp-socket\hp-socket\bin\hpsocket4c\x86\obj\nohttp\hpsocket4c.pch
d:\source\hp-socket\hp-socket\bin\hpsocket4c\x86\obj\nohttp\vc140.pdb
d:\source\hp-socket\hp-socket\bin\hpsocket4c\x86\obj\nohttp\stdafx.obj
d:\source\hp-socket\hp-socket\bin\hpsocket4c\x86\obj\nohttp\tcpserver.obj
d:\source\hp-socket\hp-socket\bin\hpsocket4c\x86\obj\nohttp\tcppullserver.obj
d:\source\hp-socket\hp-socket\bin\hpsocket4c\x86\obj\nohttp\tcppullclient.obj
d:\source\hp-socket\hp-socket\bin\hpsocket4c\x86\obj\nohttp\tcppullagent.obj
d:\source\hp-socket\hp-socket\bin\hpsocket4c\x86\obj\nohttp\tcppackserver.obj
d:\source\hp-socket\hp-socket\bin\hpsocket4c\x86\obj\nohttp\tcppackclient.obj
d:\source\hp-socket\hp-socket\bin\hpsocket4c\x86\obj\nohttp\tcppackagent.obj
d:\source\hp-socket\hp-socket\bin\hpsocket4c\x86\obj\nohttp\tcpclient.obj
d:\source\hp-socket\hp-socket\bin\hpsocket4c\x86\obj\nohttp\tcpagent.obj
d:\source\hp-socket\hp-socket\bin\hpsocket4c\x86\obj\nohttp\sockethelper.obj
d:\source\hp-socket\hp-socket\bin\hpsocket4c\x86\obj\nohttp\mischelper.obj
d:\source\hp-socket\hp-socket\bin\hpsocket4c\x86\obj\nohttp\httpserver.obj
d:\source\hp-socket\hp-socket\bin\hpsocket4c\x86\obj\nohttp\httphelper.obj
d:\source\hp-socket\hp-socket\bin\hpsocket4c\x86\obj\nohttp\httpclient.obj
d:\source\hp-socket\hp-socket\bin\hpsocket4c\x86\obj\nohttp\httpagent.obj
d:\source\hp-socket\hp-socket\bin\hpsocket4c\x86\obj\nohttp\hpsocket4c.obj
d:\source\hp-socket\hp-socket\bin\hpsocket4c\x86\obj\nohttp\waitfor.obj
d:\source\hp-socket\hp-socket\bin\hpsocket4c\x86\obj\nohttp\syshelper.obj
d:\source\hp-socket\hp-socket\bin\hpsocket4c\x86\obj\nohttp\rwlock.obj
d:\source\hp-socket\hp-socket\bin\hpsocket4c\x86\obj\nohttp\bufferpool.obj
d:\source\hp-socket\hp-socket\bin\hpsocket4c\x86\obj\nohttp\udpserver.obj
d:\source\hp-socket\hp-socket\bin\hpsocket4c\x86\obj\nohttp\udpclient.obj
d:\source\hp-socket\hp-socket\bin\hpsocket4c\x86\obj\nohttp\udpcast.obj
d:\source\hp-socket\hp-socket\bin\hpsocket4c\x86\obj\nohttp\http_parser.obj
d:\source\hp-socket\hp-socket\bin\hpsocket4c\x86\obj\nohttp\zutil.obj
d:\source\hp-socket\hp-socket\bin\hpsocket4c\x86\obj\nohttp\uncompr.obj
d:\source\hp-socket\hp-socket\bin\hpsocket4c\x86\obj\nohttp\trees.obj
d:\source\hp-socket\hp-socket\bin\hpsocket4c\x86\obj\nohttp\inftrees.obj
d:\source\hp-socket\hp-socket\bin\hpsocket4c\x86\obj\nohttp\inflate.obj
d:\source\hp-socket\hp-socket\bin\hpsocket4c\x86\obj\nohttp\inffast.obj
d:\source\hp-socket\hp-socket\bin\hpsocket4c\x86\obj\nohttp\infback.obj
d:\source\hp-socket\hp-socket\bin\hpsocket4c\x86\obj\nohttp\gzwrite.obj
d:\source\hp-socket\hp-socket\bin\hpsocket4c\x86\obj\nohttp\gzread.obj
d:\source\hp-socket\hp-socket\bin\hpsocket4c\x86\obj\nohttp\gzlib.obj
d:\source\hp-socket\hp-socket\bin\hpsocket4c\x86\obj\nohttp\gzclose.obj
d:\source\hp-socket\hp-socket\bin\hpsocket4c\x86\obj\nohttp\deflate.obj
d:\source\hp-socket\hp-socket\bin\hpsocket4c\x86\obj\nohttp\crc32.obj
d:\source\hp-socket\hp-socket\bin\hpsocket4c\x86\obj\nohttp\compress.obj
d:\source\hp-socket\hp-socket\bin\hpsocket4c\x86\obj\nohttp\adler32.obj
d:\source\hp-socket\hp-socket\bin\hpsocket4c\x86\obj\nohttp\dllmain.obj
d:\source\hp-socket\hp-socket\bin\hpsocket4c\x86\hpsocket4c.lib
d:\source\hp-socket\hp-socket\bin\hpsocket4c\x86\hpsocket4c.exp
d:\source\hp-socket\hp-socket\bin\hpsocket4c\x86\obj\nohttp\hpsocketdll4c.res
d:\source\hp-socket\hp-socket\bin\hpsocket4c\x86\obj\nohttp\hpsocketdll4c.tlog\cl.command.1.tlog
d:\source\hp-socket\hp-socket\bin\hpsocket4c\x86\obj\nohttp\hpsocketdll4c.tlog\cl.read.1.tlog
d:\source\hp-socket\hp-socket\bin\hpsocket4c\x86\obj\nohttp\hpsocketdll4c.tlog\cl.write.1.tlog
d:\source\hp-socket\hp-socket\bin\hpsocket4c\x86\obj\nohttp\hpsocketdll4c.tlog\hpsocketdll4c.write.1u.tlog
d:\source\hp-socket\hp-socket\bin\hpsocket4c\x86\obj\nohttp\hpsocketdll4c.tlog\link-cvtres.read.1.tlog
d:\source\hp-socket\hp-socket\bin\hpsocket4c\x86\obj\nohttp\hpsocketdll4c.tlog\link-cvtres.write.1.tlog
d:\source\hp-socket\hp-socket\bin\hpsocket4c\x86\obj\nohttp\hpsocketdll4c.tlog\link-mt.read.1.tlog
d:\source\hp-socket\hp-socket\bin\hpsocket4c\x86\obj\nohttp\hpsocketdll4c.tlog\link-mt.write.1.tlog
d:\source\hp-socket\hp-socket\bin\hpsocket4c\x86\obj\nohttp\hpsocketdll4c.tlog\link-rc.read.1.tlog
d:\source\hp-socket\hp-socket\bin\hpsocket4c\x86\obj\nohttp\hpsocketdll4c.tlog\link-rc.write.1.tlog
d:\source\hp-socket\hp-socket\bin\hpsocket4c\x86\obj\nohttp\hpsocketdll4c.tlog\link.command.1.tlog
d:\source\hp-socket\hp-socket\bin\hpsocket4c\x86\obj\nohttp\hpsocketdll4c.tlog\link.read.1.tlog
d:\source\hp-socket\hp-socket\bin\hpsocket4c\x86\obj\nohttp\hpsocketdll4c.tlog\link.write.1.tlog
d:\source\hp-socket\hp-socket\bin\hpsocket4c\x86\obj\nohttp\hpsocketdll4c.tlog\rc.command.1.tlog
d:\source\hp-socket\hp-socket\bin\hpsocket4c\x86\obj\nohttp\hpsocketdll4c.tlog\rc.read.1.tlog
d:\source\hp-socket\hp-socket\bin\hpsocket4c\x86\obj\nohttp\hpsocketdll4c.tlog\rc.write.1.tlog
