d:\source\hp-socket\hp-socket\bin\hpsocket4c\x86\obj\release\hpsocket4c.pch
d:\source\hp-socket\hp-socket\bin\hpsocket4c\x86\obj\release\vc140.pdb
d:\source\hp-socket\hp-socket\bin\hpsocket4c\x86\obj\release\stdafx.obj
d:\source\hp-socket\hp-socket\bin\hpsocket4c\x86\obj\release\tcpserver.obj
d:\source\hp-socket\hp-socket\bin\hpsocket4c\x86\obj\release\tcppullserver.obj
d:\source\hp-socket\hp-socket\bin\hpsocket4c\x86\obj\release\tcppullclient.obj
d:\source\hp-socket\hp-socket\bin\hpsocket4c\x86\obj\release\tcppullagent.obj
d:\source\hp-socket\hp-socket\bin\hpsocket4c\x86\obj\release\tcppackserver.obj
d:\source\hp-socket\hp-socket\bin\hpsocket4c\x86\obj\release\tcppackclient.obj
d:\source\hp-socket\hp-socket\bin\hpsocket4c\x86\obj\release\tcppackagent.obj
d:\source\hp-socket\hp-socket\bin\hpsocket4c\x86\obj\release\tcpclient.obj
d:\source\hp-socket\hp-socket\bin\hpsocket4c\x86\obj\release\tcpagent.obj
d:\source\hp-socket\hp-socket\bin\hpsocket4c\x86\obj\release\sockethelper.obj
d:\source\hp-socket\hp-socket\bin\hpsocket4c\x86\obj\release\mischelper.obj
d:\source\hp-socket\hp-socket\bin\hpsocket4c\x86\obj\release\httpserver.obj
d:\source\hp-socket\hp-socket\bin\hpsocket4c\x86\obj\release\httphelper.obj
d:\source\hp-socket\hp-socket\bin\hpsocket4c\x86\obj\release\httpclient.obj
d:\source\hp-socket\hp-socket\bin\hpsocket4c\x86\obj\release\httpagent.obj
d:\source\hp-socket\hp-socket\bin\hpsocket4c\x86\obj\release\hpsocket4c.obj
d:\source\hp-socket\hp-socket\bin\hpsocket4c\x86\obj\release\waitfor.obj
d:\source\hp-socket\hp-socket\bin\hpsocket4c\x86\obj\release\syshelper.obj
d:\source\hp-socket\hp-socket\bin\hpsocket4c\x86\obj\release\rwlock.obj
d:\source\hp-socket\hp-socket\bin\hpsocket4c\x86\obj\release\bufferpool.obj
d:\source\hp-socket\hp-socket\bin\hpsocket4c\x86\obj\release\udpserver.obj
d:\source\hp-socket\hp-socket\bin\hpsocket4c\x86\obj\release\udpclient.obj
d:\source\hp-socket\hp-socket\bin\hpsocket4c\x86\obj\release\udpcast.obj
d:\source\hp-socket\hp-socket\bin\hpsocket4c\x86\obj\release\http_parser.obj
d:\source\hp-socket\hp-socket\bin\hpsocket4c\x86\obj\release\zutil.obj
d:\source\hp-socket\hp-socket\bin\hpsocket4c\x86\obj\release\uncompr.obj
d:\source\hp-socket\hp-socket\bin\hpsocket4c\x86\obj\release\trees.obj
d:\source\hp-socket\hp-socket\bin\hpsocket4c\x86\obj\release\inftrees.obj
d:\source\hp-socket\hp-socket\bin\hpsocket4c\x86\obj\release\inflate.obj
d:\source\hp-socket\hp-socket\bin\hpsocket4c\x86\obj\release\inffast.obj
d:\source\hp-socket\hp-socket\bin\hpsocket4c\x86\obj\release\infback.obj
d:\source\hp-socket\hp-socket\bin\hpsocket4c\x86\obj\release\gzwrite.obj
d:\source\hp-socket\hp-socket\bin\hpsocket4c\x86\obj\release\gzread.obj
d:\source\hp-socket\hp-socket\bin\hpsocket4c\x86\obj\release\gzlib.obj
d:\source\hp-socket\hp-socket\bin\hpsocket4c\x86\obj\release\gzclose.obj
d:\source\hp-socket\hp-socket\bin\hpsocket4c\x86\obj\release\deflate.obj
d:\source\hp-socket\hp-socket\bin\hpsocket4c\x86\obj\release\crc32.obj
d:\source\hp-socket\hp-socket\bin\hpsocket4c\x86\obj\release\compress.obj
d:\source\hp-socket\hp-socket\bin\hpsocket4c\x86\obj\release\adler32.obj
d:\source\hp-socket\hp-socket\bin\hpsocket4c\x86\obj\release\dllmain.obj
d:\source\hp-socket\hp-socket\bin\hpsocket4c\x86\hpsocket4c.lib
d:\source\hp-socket\hp-socket\bin\hpsocket4c\x86\hpsocket4c.exp
d:\source\hp-socket\hp-socket\bin\hpsocket4c\x86\hpsocket4c.dll
d:\source\hp-socket\hp-socket\bin\hpsocket4c\x86\hpsocket4c.ipdb
d:\source\hp-socket\hp-socket\bin\hpsocket4c\x86\hpsocket4c.iobj
d:\source\hp-socket\hp-socket\bin\hpsocket4c\x86\hpsocket4c.pdb
d:\source\hp-socket\hp-socket\bin\hpsocket4c\x86\obj\release\hpsocketdll4c.res
d:\source\hp-socket\hp-socket\project\hpsocketdll4c\..\..\bin\hpsocket4c\x86\hpsocket4c.dll
d:\source\hp-socket\hp-socket\bin\hpsocket4c\x86\obj\release\hpsocketdll4c.tlog\cl.command.1.tlog
d:\source\hp-socket\hp-socket\bin\hpsocket4c\x86\obj\release\hpsocketdll4c.tlog\cl.read.1.tlog
d:\source\hp-socket\hp-socket\bin\hpsocket4c\x86\obj\release\hpsocketdll4c.tlog\cl.write.1.tlog
d:\source\hp-socket\hp-socket\bin\hpsocket4c\x86\obj\release\hpsocketdll4c.tlog\hpsocketdll4c.write.1u.tlog
d:\source\hp-socket\hp-socket\bin\hpsocket4c\x86\obj\release\hpsocketdll4c.tlog\link.command.1.tlog
d:\source\hp-socket\hp-socket\bin\hpsocket4c\x86\obj\release\hpsocketdll4c.tlog\link.read.1.tlog
d:\source\hp-socket\hp-socket\bin\hpsocket4c\x86\obj\release\hpsocketdll4c.tlog\link.write.1.tlog
d:\source\hp-socket\hp-socket\bin\hpsocket4c\x86\obj\release\hpsocketdll4c.tlog\rc.command.1.tlog
d:\source\hp-socket\hp-socket\bin\hpsocket4c\x86\obj\release\hpsocketdll4c.tlog\rc.read.1.tlog
d:\source\hp-socket\hp-socket\bin\hpsocket4c\x86\obj\release\hpsocketdll4c.tlog\rc.write.1.tlog
